<?xml version="1.0" encoding="UTF-8"?>
<!-- Generated by org.testng.reporters.JUnitXMLReporter -->
<testsuite ignored="0" hostname="MyPC" failures="0" tests="3" name="Test" time="1.266" errors="0" timestamp="2021-01-22T22:49:34 IST">
  <testcase classname="Ui.Testgoogle_search1" name="@BeforeTest setuptest" time="1.071">
    <failure type="java.lang.IllegalStateException" message="The driver executable does not exist: C:\Users\User\eclipse-workspace\Testtest-output\driver\chromedriver.exe">
      <![CDATA[java.lang.IllegalStateException: The driver executable does not exist: C:\Users\User\eclipse-workspace\Testtest-output\driver\chromedriver.exe
at com.google.common.base.Preconditions.checkState(Preconditions.java:585)
at org.openqa.selenium.remote.service.DriverService.checkExecutable(DriverService.java:146)
at org.openqa.selenium.remote.service.DriverService.findExecutable(DriverService.java:141)
at org.openqa.selenium.chrome.ChromeDriverService.access$000(ChromeDriverService.java:35)
at org.openqa.selenium.chrome.ChromeDriverService$Builder.findDefaultExecutable(ChromeDriverService.java:159)
at org.openqa.selenium.remote.service.DriverService$Builder.build(DriverService.java:355)
at org.openqa.selenium.chrome.ChromeDriverService.createDefaultService(ChromeDriverService.java:94)
at org.openqa.selenium.chrome.ChromeDriver.<init>(ChromeDriver.java:123)
at Ui.Testgoogle_search1.setuptest(Testgoogle_search1.java:29)
... Removed 24 stack frames]]>
    </failure>
  </testcase> <!-- @BeforeTest setuptest -->
  <testcase classname="Ui.Testgoogle_search1" name="@AfterTest teardown" time="-1.61133597333E9">
    <skipped/>
  </testcase> <!-- @AfterTest teardown -->
  <testcase classname="Ui.Testgoogle_search1" name="test1" time="0.0">
    <skipped/>
  </testcase> <!-- test1 -->
  <testcase classname="Ui.Testgoogle_search1" name="test2" time="0.0">
    <skipped/>
  </testcase> <!-- test2 -->
  <testcase classname="Ui.Testgoogle_search1" name="test3" time="0.0">
    <skipped/>
  </testcase> <!-- test3 -->
</testsuite> <!-- Test -->
